<?xml version="1.0" encoding="UTF-8"?>
<testsuite xmlns:xsi="http://www.w3.org/2001/XMLSchema-instance" xsi:noNamespaceSchemaLocation="https://maven.apache.org/surefire/maven-surefire-plugin/xsd/surefire-test-report.xsd" name="by.andrikevich.j2eeStudy.SimpleCalcTest" time="0.532" tests="2" errors="0" skipped="0" failures="0">
  <properties>
[...]
</properties>
  <testcase name="minusDiffNumbers" classname="by.andrikevich.j2eeStudy.SimpleCalcTest" time="0.5"/>
  <testcase name="sumDiffNumbers" classname="by.andrikevich.j2eeStudy.SimpleCalcTest" time="0"/>
</testsuite>